<?xml version="1.0" encoding="UTF-8"?>
<!-- Generated by org.testng.reporters.JUnitXMLReporter -->
<testsuite ignored="0" hostname="CTAADPG038WZQ" failures="0" tests="3" name="Default test" time="12.819" errors="0" timestamp="2023-07-05T17:30:19 IST">
  <testcase classname="org.ct_TestPackage.Demodemo" name="dataprovidertest" time="4.993"/>
  <testcase classname="org.ct_TestPackage.Demodemo" name="dataprovidertest" time="3.819"/>
  <testcase classname="org.ct_TestPackage.Demodemo" name="dataprovidertest" time="3.967"/>
</testsuite> <!-- Default test -->
