<?xml version="1.0" encoding="UTF-8"?>
<testng-results ignored="0" total="3" passed="3" failed="0" skipped="0">
  <reporter-output>
  </reporter-output>
  <suite started-at="2023-07-05T17:30:06 IST" name="Default suite" finished-at="2023-07-05T17:30:19 IST" duration-ms="12819">
    <groups>
    </groups>
    <test started-at="2023-07-05T17:30:06 IST" name="Default test" finished-at="2023-07-05T17:30:19 IST" duration-ms="12819">
      <class name="org.ct_TestPackage.Demodemo">
        <test-method signature="dataprovidertest(java.lang.String,java.lang.String)[pri:0, instance:org.ct_TestPackage.Demodemo@4d465b11]" started-at="2023-07-05T17:30:06 IST" name="dataprovidertest" data-provider="mydata" finished-at="2023-07-05T17:30:11 IST" duration-ms="4993" status="PASS">
          <params>
            <param index="0">
              <value>
                <![CDATA[pune]]>
              </value>
            </param>
            <param index="1">
              <value>
                <![CDATA[pune1]]>
              </value>
            </param>
          </params>
          <reporter-output>
          </reporter-output>
        </test-method> <!-- dataprovidertest -->
        <test-method signature="dataprovidertest(java.lang.String,java.lang.String)[pri:0, instance:org.ct_TestPackage.Demodemo@4d465b11]" started-at="2023-07-05T17:30:11 IST" name="dataprovidertest" data-provider="mydata" finished-at="2023-07-05T17:30:15 IST" duration-ms="3819" status="PASS">
          <params>
            <param index="0">
              <value>
                <![CDATA[mumbai]]>
              </value>
            </param>
            <param index="1">
              <value>
                <![CDATA[mumbai1]]>
              </value>
            </param>
          </params>
          <reporter-output>
          </reporter-output>
        </test-method> <!-- dataprovidertest -->
        <test-method signature="dataprovidertest(java.lang.String,java.lang.String)[pri:0, instance:org.ct_TestPackage.Demodemo@4d465b11]" started-at="2023-07-05T17:30:15 IST" name="dataprovidertest" data-provider="mydata" finished-at="2023-07-05T17:30:19 IST" duration-ms="3967" status="PASS">
          <params>
            <param index="0">
              <value>
                <![CDATA[satara]]>
              </value>
            </param>
            <param index="1">
              <value>
                <![CDATA[satara1]]>
              </value>
            </param>
          </params>
          <reporter-output>
          </reporter-output>
        </test-method> <!-- dataprovidertest -->
      </class> <!-- org.ct_TestPackage.Demodemo -->
    </test> <!-- Default test -->
  </suite> <!-- Default suite -->
</testng-results>
