<?xml version="1.0" encoding="UTF-8"?>
<!-- Generated by org.testng.reporters.JUnitXMLReporter -->
<testsuite ignored="0" hostname="CTAADPG038WZQ" failures="0" tests="4" name="Test" time="135.166" errors="0" timestamp="2023-03-13T16:00:35 IST">
  <testcase classname="org.ct_TestPackage.TestClass01" name="homepagetest" time="3.299"/>
  <testcase classname="org.ct_TestPackage.TestClass01" name="hristest" time="51.061"/>
  <testcase classname="org.ct_TestPackage.TestClass01" name="handledropdown" time="35.93"/>
  <testcase classname="org.ct_TestPackage.TestClass01" name="ClickOnRemoveIconMethodTest" time="6.206"/>
</testsuite> <!-- Test -->
